<?xml version="1.0" encoding="UTF-8"?>
<testsuite xmlns:xsi="http://www.w3.org/2001/XMLSchema-instance" xsi:noNamespaceSchemaLocation="https://maven.apache.org/surefire/maven-surefire-plugin/xsd/surefire-test-report-3.0.xsd" version="3.0" name="com.deccan.exchangesync.ExchangeRateSyncTest" time="0.27" tests="15" errors="0" skipped="0" failures="0">
  <properties>
[...]
</properties>
  <testcase name="apiFailureDoesNotCorruptLocalState" classname="com.deccan.exchangesync.ExchangeRateSyncTest" time="0.167"/>
  <testcase name="syncIsIdempotentAcrossMultipleRuns" classname="com.deccan.exchangesync.ExchangeRateSyncTest" time="0.014"/>
  <testcase name="partialRemoteUpdateDoesNotDeleteExistingRates" classname="com.deccan.exchangesync.ExchangeRateSyncTest" time="0.006"/>
  <testcase name="baseCurrencyChangeForcesFullSync" classname="com.deccan.exchangesync.ExchangeRateSyncTest" time="0.005"/>
  <testcase name="identicalRemoteDataDoesNotChangeTimestamp" classname="com.deccan.exchangesync.ExchangeRateSyncTest" time="0.004"/>
  <testcase name="readOnlyFileDoesNotGetCorrupted" classname="com.deccan.exchangesync.ExchangeRateSyncTest" time="0.005"/>
  <testcase name="fullSyncDoesNotMergeWhenBaseCurrencyChanges" classname="com.deccan.exchangesync.ExchangeRateSyncTest" time="0.004"/>
  <testcase name="initialSyncCreatesLocalFile" classname="com.deccan.exchangesync.ExchangeRateSyncTest" time="0.003"/>
  <testcase name="incrementalSyncPreservesExistingRates" classname="com.deccan.exchangesync.ExchangeRateSyncTest" time="0.003"/>
  <testcase name="apiTimeoutDoesNotModifyLocalState" classname="com.deccan.exchangesync.ExchangeRateSyncTest" time="0.004"/>
  <testcase name="nullRemoteRatesDoesNotOverwriteLocalState" classname="com.deccan.exchangesync.ExchangeRateSyncTest" time="0.004"/>
  <testcase name="repeatedSyncProducesDeterministicFileContent" classname="com.deccan.exchangesync.ExchangeRateSyncTest" time="0.011"/>
  <testcase name="failedWriteDoesNotCorruptExistingFile" classname="com.deccan.exchangesync.ExchangeRateSyncTest" time="0.005"/>
  <testcase name="emptyRemoteRatesDoNotOverwriteLocalState" classname="com.deccan.exchangesync.ExchangeRateSyncTest" time="0.004"/>
  <testcase name="corruptLocalFileFailsFast" classname="com.deccan.exchangesync.ExchangeRateSyncTest" time="0.007"/>
</testsuite>